[debug] [2024-09-03T23:03:10.380Z] ----------------------------------------------------------------------
[debug] [2024-09-03T23:03:10.382Z] Command:       /usr/local/share/nvm/versions/node/v20.14.0/bin/node /home/codespace/nvm/current/bin/firebase deploy
[debug] [2024-09-03T23:03:10.383Z] CLI Version:   13.16.0
[debug] [2024-09-03T23:03:10.383Z] Platform:      linux
[debug] [2024-09-03T23:03:10.383Z] Node Version:  v20.14.0
[debug] [2024-09-03T23:03:10.383Z] Time:          Tue Sep 03 2024 23:03:10 GMT+0000 (Coordinated Universal Time)
[debug] [2024-09-03T23:03:10.383Z] Env Overrides: GITHUB_API_URL
[debug] [2024-09-03T23:03:10.383Z] ----------------------------------------------------------------------
[debug] 
[debug] [2024-09-03T23:03:10.445Z] > command requires scopes: ["email","openid","https://www.googleapis.com/auth/cloudplatformprojects.readonly","https://www.googleapis.com/auth/firebase","https://www.googleapis.com/auth/cloud-platform"]
[debug] [2024-09-03T23:03:10.446Z] > authorizing via signed-in user (dshafe27@gmail.com)
[debug] [2024-09-03T23:03:10.446Z] [iam] checking project chess-royale-9cab4 for permissions ["cloudfunctions.functions.create","cloudfunctions.functions.delete","cloudfunctions.functions.get","cloudfunctions.functions.list","cloudfunctions.functions.update","cloudfunctions.operations.get","firebase.projects.get","firebasehosting.sites.update"]
[debug] [2024-09-03T23:03:10.447Z] > refreshing access token with scopes: []
[debug] [2024-09-03T23:03:10.448Z] >>> [apiv2][query] POST https://www.googleapis.com/oauth2/v3/token [none]
[debug] [2024-09-03T23:03:10.449Z] >>> [apiv2][body] POST https://www.googleapis.com/oauth2/v3/token [omitted]
[debug] [2024-09-03T23:03:10.607Z] <<< [apiv2][status] POST https://www.googleapis.com/oauth2/v3/token 200
[debug] [2024-09-03T23:03:10.608Z] <<< [apiv2][body] POST https://www.googleapis.com/oauth2/v3/token [omitted]
[debug] [2024-09-03T23:03:10.637Z] >>> [apiv2][query] POST https://cloudresourcemanager.googleapis.com/v1/projects/chess-royale-9cab4:testIamPermissions [none]
[debug] [2024-09-03T23:03:10.638Z] >>> [apiv2][(partial)header] POST https://cloudresourcemanager.googleapis.com/v1/projects/chess-royale-9cab4:testIamPermissions x-goog-quota-user=projects/chess-royale-9cab4
[debug] [2024-09-03T23:03:10.638Z] >>> [apiv2][body] POST https://cloudresourcemanager.googleapis.com/v1/projects/chess-royale-9cab4:testIamPermissions {"permissions":["cloudfunctions.functions.create","cloudfunctions.functions.delete","cloudfunctions.functions.get","cloudfunctions.functions.list","cloudfunctions.functions.update","cloudfunctions.operations.get","firebase.projects.get","firebasehosting.sites.update"]}
[debug] [2024-09-03T23:03:10.881Z] <<< [apiv2][status] POST https://cloudresourcemanager.googleapis.com/v1/projects/chess-royale-9cab4:testIamPermissions 200
[debug] [2024-09-03T23:03:10.881Z] <<< [apiv2][body] POST https://cloudresourcemanager.googleapis.com/v1/projects/chess-royale-9cab4:testIamPermissions {"permissions":["cloudfunctions.functions.create","cloudfunctions.functions.delete","cloudfunctions.functions.get","cloudfunctions.functions.list","cloudfunctions.functions.update","cloudfunctions.operations.get","firebase.projects.get","firebasehosting.sites.update"]}
[debug] [2024-09-03T23:03:10.881Z] >>> [apiv2][query] POST https://iam.googleapis.com/v1/projects/chess-royale-9cab4/serviceAccounts/chess-royale-9cab4@appspot.gserviceaccount.com:testIamPermissions [none]
[debug] [2024-09-03T23:03:10.881Z] >>> [apiv2][body] POST https://iam.googleapis.com/v1/projects/chess-royale-9cab4/serviceAccounts/chess-royale-9cab4@appspot.gserviceaccount.com:testIamPermissions {"permissions":["iam.serviceAccounts.actAs"]}
[debug] [2024-09-03T23:03:11.203Z] <<< [apiv2][status] POST https://iam.googleapis.com/v1/projects/chess-royale-9cab4/serviceAccounts/chess-royale-9cab4@appspot.gserviceaccount.com:testIamPermissions 200
[debug] [2024-09-03T23:03:11.203Z] <<< [apiv2][body] POST https://iam.googleapis.com/v1/projects/chess-royale-9cab4/serviceAccounts/chess-royale-9cab4@appspot.gserviceaccount.com:testIamPermissions {"permissions":["iam.serviceAccounts.actAs"]}
[debug] [2024-09-03T23:03:11.203Z] >>> [apiv2][query] GET https://firebase.googleapis.com/v1beta1/projects/chess-royale-9cab4 [none]
[debug] [2024-09-03T23:03:11.405Z] <<< [apiv2][status] GET https://firebase.googleapis.com/v1beta1/projects/chess-royale-9cab4 200
[debug] [2024-09-03T23:03:11.405Z] <<< [apiv2][body] GET https://firebase.googleapis.com/v1beta1/projects/chess-royale-9cab4 {"projectId":"chess-royale-9cab4","projectNumber":"643147753744","displayName":"Chess Royale","name":"projects/chess-royale-9cab4","resources":{"hostingSite":"chess-royale-9cab4"},"state":"ACTIVE","etag":"1_132f2cb4-fed9-45c2-aee7-1558204eaac8"}
[info] 
[info] === Deploying to 'chess-royale-9cab4'...
[info] 
[info] i  deploying functions, hosting 
[debug] [2024-09-03T23:03:11.408Z] >>> [apiv2][query] GET https://firebase.googleapis.com/v1beta1/projects/chess-royale-9cab4 [none]
[debug] [2024-09-03T23:03:11.547Z] <<< [apiv2][status] GET https://firebase.googleapis.com/v1beta1/projects/chess-royale-9cab4 200
[debug] [2024-09-03T23:03:11.547Z] <<< [apiv2][body] GET https://firebase.googleapis.com/v1beta1/projects/chess-royale-9cab4 {"projectId":"chess-royale-9cab4","projectNumber":"643147753744","displayName":"Chess Royale","name":"projects/chess-royale-9cab4","resources":{"hostingSite":"chess-royale-9cab4"},"state":"ACTIVE","etag":"1_132f2cb4-fed9-45c2-aee7-1558204eaac8"}
[info] i  functions: preparing codebase default for deployment 
[info] i  functions: ensuring required API cloudfunctions.googleapis.com is enabled... 
[info] i  functions: ensuring required API cloudbuild.googleapis.com is enabled... 
[info] i  artifactregistry: ensuring required API artifactregistry.googleapis.com is enabled... 
[debug] [2024-09-03T23:03:11.549Z] >>> [apiv2][query] GET https://serviceusage.googleapis.com/v1/projects/chess-royale-9cab4/services/cloudfunctions.googleapis.com [none]
[debug] [2024-09-03T23:03:11.549Z] >>> [apiv2][(partial)header] GET https://serviceusage.googleapis.com/v1/projects/chess-royale-9cab4/services/cloudfunctions.googleapis.com x-goog-quota-user=projects/chess-royale-9cab4
[debug] [2024-09-03T23:03:11.550Z] >>> [apiv2][query] GET https://serviceusage.googleapis.com/v1/projects/chess-royale-9cab4/services/runtimeconfig.googleapis.com [none]
[debug] [2024-09-03T23:03:11.550Z] >>> [apiv2][(partial)header] GET https://serviceusage.googleapis.com/v1/projects/chess-royale-9cab4/services/runtimeconfig.googleapis.com x-goog-quota-user=projects/chess-royale-9cab4
[debug] [2024-09-03T23:03:11.551Z] >>> [apiv2][query] GET https://serviceusage.googleapis.com/v1/projects/chess-royale-9cab4/services/cloudbuild.googleapis.com [none]
[debug] [2024-09-03T23:03:11.551Z] >>> [apiv2][(partial)header] GET https://serviceusage.googleapis.com/v1/projects/chess-royale-9cab4/services/cloudbuild.googleapis.com x-goog-quota-user=projects/chess-royale-9cab4
[debug] [2024-09-03T23:03:11.552Z] >>> [apiv2][query] GET https://serviceusage.googleapis.com/v1/projects/chess-royale-9cab4/services/artifactregistry.googleapis.com [none]
[debug] [2024-09-03T23:03:11.552Z] >>> [apiv2][(partial)header] GET https://serviceusage.googleapis.com/v1/projects/chess-royale-9cab4/services/artifactregistry.googleapis.com x-goog-quota-user=projects/chess-royale-9cab4
[debug] [2024-09-03T23:03:11.966Z] <<< [apiv2][status] GET https://serviceusage.googleapis.com/v1/projects/chess-royale-9cab4/services/runtimeconfig.googleapis.com 200
[debug] [2024-09-03T23:03:11.966Z] <<< [apiv2][body] GET https://serviceusage.googleapis.com/v1/projects/chess-royale-9cab4/services/runtimeconfig.googleapis.com [omitted]
[debug] [2024-09-03T23:03:11.971Z] <<< [apiv2][status] GET https://serviceusage.googleapis.com/v1/projects/chess-royale-9cab4/services/artifactregistry.googleapis.com 200
[debug] [2024-09-03T23:03:11.972Z] <<< [apiv2][body] GET https://serviceusage.googleapis.com/v1/projects/chess-royale-9cab4/services/artifactregistry.googleapis.com [omitted]
[warn] ⚠  artifactregistry: missing required API artifactregistry.googleapis.com. Enabling now... 
[debug] [2024-09-03T23:03:11.972Z] >>> [apiv2][query] POST https://serviceusage.googleapis.com/v1/projects/chess-royale-9cab4/services/artifactregistry.googleapis.com:enable [none]
[debug] [2024-09-03T23:03:11.972Z] >>> [apiv2][(partial)header] POST https://serviceusage.googleapis.com/v1/projects/chess-royale-9cab4/services/artifactregistry.googleapis.com:enable x-goog-quota-user=projects/chess-royale-9cab4
[debug] [2024-09-03T23:03:11.986Z] <<< [apiv2][status] GET https://serviceusage.googleapis.com/v1/projects/chess-royale-9cab4/services/cloudfunctions.googleapis.com 200
[debug] [2024-09-03T23:03:11.986Z] <<< [apiv2][body] GET https://serviceusage.googleapis.com/v1/projects/chess-royale-9cab4/services/cloudfunctions.googleapis.com [omitted]
[info] ✔  functions: required API cloudfunctions.googleapis.com is enabled 
[debug] [2024-09-03T23:03:11.992Z] <<< [apiv2][status] GET https://serviceusage.googleapis.com/v1/projects/chess-royale-9cab4/services/cloudbuild.googleapis.com 200
[debug] [2024-09-03T23:03:11.993Z] <<< [apiv2][body] GET https://serviceusage.googleapis.com/v1/projects/chess-royale-9cab4/services/cloudbuild.googleapis.com [omitted]
[warn] ⚠  functions: missing required API cloudbuild.googleapis.com. Enabling now... 
[debug] [2024-09-03T23:03:11.994Z] >>> [apiv2][query] POST https://serviceusage.googleapis.com/v1/projects/chess-royale-9cab4/services/cloudbuild.googleapis.com:enable [none]
[debug] [2024-09-03T23:03:11.995Z] >>> [apiv2][(partial)header] POST https://serviceusage.googleapis.com/v1/projects/chess-royale-9cab4/services/cloudbuild.googleapis.com:enable x-goog-quota-user=projects/chess-royale-9cab4
[debug] [2024-09-03T23:03:12.336Z] <<< [apiv2][status] POST https://serviceusage.googleapis.com/v1/projects/chess-royale-9cab4/services/artifactregistry.googleapis.com:enable 200
[debug] [2024-09-03T23:03:12.336Z] <<< [apiv2][body] POST https://serviceusage.googleapis.com/v1/projects/chess-royale-9cab4/services/artifactregistry.googleapis.com:enable [omitted]
[debug] [2024-09-03T23:03:12.431Z] <<< [apiv2][status] POST https://serviceusage.googleapis.com/v1/projects/chess-royale-9cab4/services/cloudbuild.googleapis.com:enable 200
[debug] [2024-09-03T23:03:12.431Z] <<< [apiv2][body] POST https://serviceusage.googleapis.com/v1/projects/chess-royale-9cab4/services/cloudbuild.googleapis.com:enable [omitted]
[debug] [2024-09-03T23:03:22.339Z] >>> [apiv2][query] GET https://serviceusage.googleapis.com/v1/projects/chess-royale-9cab4/services/artifactregistry.googleapis.com [none]
[debug] [2024-09-03T23:03:22.339Z] >>> [apiv2][(partial)header] GET https://serviceusage.googleapis.com/v1/projects/chess-royale-9cab4/services/artifactregistry.googleapis.com x-goog-quota-user=projects/chess-royale-9cab4
[debug] [2024-09-03T23:03:22.432Z] >>> [apiv2][query] GET https://serviceusage.googleapis.com/v1/projects/chess-royale-9cab4/services/cloudbuild.googleapis.com [none]
[debug] [2024-09-03T23:03:22.432Z] >>> [apiv2][(partial)header] GET https://serviceusage.googleapis.com/v1/projects/chess-royale-9cab4/services/cloudbuild.googleapis.com x-goog-quota-user=projects/chess-royale-9cab4
[debug] [2024-09-03T23:03:22.734Z] <<< [apiv2][status] GET https://serviceusage.googleapis.com/v1/projects/chess-royale-9cab4/services/artifactregistry.googleapis.com 200
[debug] [2024-09-03T23:03:22.734Z] <<< [apiv2][body] GET https://serviceusage.googleapis.com/v1/projects/chess-royale-9cab4/services/artifactregistry.googleapis.com [omitted]
[info] ✔  artifactregistry: required API artifactregistry.googleapis.com is enabled 
[debug] [2024-09-03T23:03:22.821Z] <<< [apiv2][status] GET https://serviceusage.googleapis.com/v1/projects/chess-royale-9cab4/services/cloudbuild.googleapis.com 200
[debug] [2024-09-03T23:03:22.821Z] <<< [apiv2][body] GET https://serviceusage.googleapis.com/v1/projects/chess-royale-9cab4/services/cloudbuild.googleapis.com [omitted]
[info] ✔  functions: required API cloudbuild.googleapis.com is enabled 
[debug] [2024-09-03T23:03:22.822Z] >>> [apiv2][query] GET https://firebase.googleapis.com/v1beta1/projects/chess-royale-9cab4/adminSdkConfig [none]
[debug] [2024-09-03T23:03:22.974Z] <<< [apiv2][status] GET https://firebase.googleapis.com/v1beta1/projects/chess-royale-9cab4/adminSdkConfig 200
[debug] [2024-09-03T23:03:22.974Z] <<< [apiv2][body] GET https://firebase.googleapis.com/v1beta1/projects/chess-royale-9cab4/adminSdkConfig {"projectId":"chess-royale-9cab4","storageBucket":"chess-royale-9cab4.appspot.com"}
[debug] [2024-09-03T23:03:22.974Z] >>> [apiv2][query] GET https://runtimeconfig.googleapis.com/v1beta1/projects/chess-royale-9cab4/configs [none]
[debug] [2024-09-03T23:03:23.229Z] <<< [apiv2][status] GET https://runtimeconfig.googleapis.com/v1beta1/projects/chess-royale-9cab4/configs 200
[debug] [2024-09-03T23:03:23.229Z] <<< [apiv2][body] GET https://runtimeconfig.googleapis.com/v1beta1/projects/chess-royale-9cab4/configs {}
[debug] [2024-09-03T23:03:23.230Z] Validating nodejs source
[debug] [2024-09-03T23:03:23.692Z] > [functions] package.json contents: {
  "name": "functions",
  "description": "Cloud Functions for Firebase",
  "scripts": {
    "lint": "eslint .",
    "serve": "firebase emulators:start --only functions",
    "shell": "firebase functions:shell",
    "start": "npm run shell",
    "deploy": "firebase deploy --only functions",
    "logs": "firebase functions:log"
  },
  "engines": {
    "node": "18"
  },
  "main": "index.js",
  "dependencies": {
    "firebase-admin": "^12.1.0",
    "firebase-functions": "^5.0.0"
  },
  "devDependencies": {
    "eslint": "^8.15.0",
    "eslint-config-google": "^0.14.0",
    "firebase-functions-test": "^3.1.0"
  },
  "private": true
}
[debug] [2024-09-03T23:03:23.692Z] Building nodejs source
[info] i  functions: Loading and analyzing source code for codebase default to determine what to deploy 
[debug] [2024-09-03T23:03:23.693Z] Could not find functions.yaml. Must use http discovery
[debug] [2024-09-03T23:03:23.696Z] Found firebase-functions binary at '/workspaces/Chess/functions/node_modules/.bin/firebase-functions'
[info] Serving at port 8124

[debug] [2024-09-03T23:03:25.370Z] Got response from /__/functions.yaml {"endpoints":{"api":{"platform":"gcfv1","availableMemoryMb":null,"timeoutSeconds":null,"minInstances":null,"maxInstances":null,"ingressSettings":null,"serviceAccountEmail":null,"vpc":null,"httpsTrigger":{},"entryPoint":"api"}},"specVersion":"v1alpha1","requiredAPIs":[],"extensions":{}}
[info] i  functions: preparing functions directory for uploading... 
[info] i  functions: packaged /workspaces/Chess/functions (70.12 KB) for uploading 
[debug] [2024-09-03T23:03:30.446Z] >>> [apiv2][query] GET https://cloudfunctions.googleapis.com/v1/projects/chess-royale-9cab4/locations/-/functions [none]
[debug] [2024-09-03T23:03:30.969Z] <<< [apiv2][status] GET https://cloudfunctions.googleapis.com/v1/projects/chess-royale-9cab4/locations/-/functions 200
[debug] [2024-09-03T23:03:30.969Z] <<< [apiv2][body] GET https://cloudfunctions.googleapis.com/v1/projects/chess-royale-9cab4/locations/-/functions {}
[debug] [2024-09-03T23:03:30.970Z] >>> [apiv2][query] GET https://cloudfunctions.googleapis.com/v2/projects/chess-royale-9cab4/locations/-/functions filter=environment%3D%22GEN_2%22
[debug] [2024-09-03T23:03:31.418Z] <<< [apiv2][status] GET https://cloudfunctions.googleapis.com/v2/projects/chess-royale-9cab4/locations/-/functions 200
[debug] [2024-09-03T23:03:31.419Z] <<< [apiv2][body] GET https://cloudfunctions.googleapis.com/v2/projects/chess-royale-9cab4/locations/-/functions {}
[debug] [2024-09-03T23:03:31.421Z] >>> [apiv2][query] GET https://firebase.googleapis.com/v1beta1/projects/chess-royale-9cab4 [none]
[debug] [2024-09-03T23:03:31.591Z] <<< [apiv2][status] GET https://firebase.googleapis.com/v1beta1/projects/chess-royale-9cab4 200
[debug] [2024-09-03T23:03:31.591Z] <<< [apiv2][body] GET https://firebase.googleapis.com/v1beta1/projects/chess-royale-9cab4 {"projectId":"chess-royale-9cab4","projectNumber":"643147753744","displayName":"Chess Royale","name":"projects/chess-royale-9cab4","resources":{"hostingSite":"chess-royale-9cab4"},"state":"ACTIVE","etag":"1_132f2cb4-fed9-45c2-aee7-1558204eaac8"}
[debug] [2024-09-03T23:03:31.594Z] >>> [apiv2][query] POST https://firebasehosting.googleapis.com/v1beta1/projects/-/sites/chess-royale-9cab4/versions [none]
[debug] [2024-09-03T23:03:31.594Z] >>> [apiv2][body] POST https://firebasehosting.googleapis.com/v1beta1/projects/-/sites/chess-royale-9cab4/versions {"status":"CREATED","labels":{"deployment-tool":"cli-firebase"}}
[debug] [2024-09-03T23:03:32.877Z] <<< [apiv2][status] POST https://firebasehosting.googleapis.com/v1beta1/projects/-/sites/chess-royale-9cab4/versions 200
[debug] [2024-09-03T23:03:32.877Z] <<< [apiv2][body] POST https://firebasehosting.googleapis.com/v1beta1/projects/-/sites/chess-royale-9cab4/versions {"name":"projects/643147753744/sites/chess-royale-9cab4/versions/fda99a4da80ce041","status":"CREATED","config":{},"labels":{"deployment-tool":"cli-firebase"}}
[debug] [2024-09-03T23:03:32.878Z] [functions] found 1 new HTTP functions, testing setIamPolicy permission...
[debug] [2024-09-03T23:03:32.878Z] >>> [apiv2][query] POST https://cloudresourcemanager.googleapis.com/v1/projects/chess-royale-9cab4:testIamPermissions [none]
[debug] [2024-09-03T23:03:32.878Z] >>> [apiv2][(partial)header] POST https://cloudresourcemanager.googleapis.com/v1/projects/chess-royale-9cab4:testIamPermissions x-goog-quota-user=projects/chess-royale-9cab4
[debug] [2024-09-03T23:03:32.878Z] >>> [apiv2][body] POST https://cloudresourcemanager.googleapis.com/v1/projects/chess-royale-9cab4:testIamPermissions {"permissions":["cloudfunctions.functions.setIamPolicy"]}
[debug] [2024-09-03T23:03:33.100Z] <<< [apiv2][status] POST https://cloudresourcemanager.googleapis.com/v1/projects/chess-royale-9cab4:testIamPermissions 200
[debug] [2024-09-03T23:03:33.100Z] <<< [apiv2][body] POST https://cloudresourcemanager.googleapis.com/v1/projects/chess-royale-9cab4:testIamPermissions {"permissions":["cloudfunctions.functions.setIamPolicy"]}
[debug] [2024-09-03T23:03:33.100Z] [functions] found setIamPolicy permission, proceeding with deploy
[debug] [2024-09-03T23:03:33.101Z] >>> [apiv2][query] POST https://cloudfunctions.googleapis.com/v1/projects/chess-royale-9cab4/locations/us-central1/functions:generateUploadUrl [none]
[debug] [2024-09-03T23:03:33.101Z] >>> [apiv2][body] POST https://cloudfunctions.googleapis.com/v1/projects/chess-royale-9cab4/locations/us-central1/functions:generateUploadUrl {}
[debug] [2024-09-03T23:03:39.216Z] <<< [apiv2][status] POST https://cloudfunctions.googleapis.com/v1/projects/chess-royale-9cab4/locations/us-central1/functions:generateUploadUrl 500
[debug] [2024-09-03T23:03:39.216Z] <<< [apiv2][body] POST https://cloudfunctions.googleapis.com/v1/projects/chess-royale-9cab4/locations/us-central1/functions:generateUploadUrl {"error":{"code":500,"message":"Failed to generate source upload url for 1st Gen function projects/chess-royale-9cab4/locations/us-central1: The service has encountered an internal error. Please try again later","status":"INTERNAL"}}
[info] 

There was an issue deploying your functions. Verify that your project has a Google App Engine instance setup at https://console.cloud.google.com/appengine and try again. If this issue persists, please contact support.
[warn] ⚠  functions: Upload Error: HTTP Error: 500, Failed to generate source upload url for 1st Gen function projects/chess-royale-9cab4/locations/us-central1: The service has encountered an internal error. Please try again later 
[error] 
[error] Error: HTTP Error: 500, Failed to generate source upload url for 1st Gen function projects/chess-royale-9cab4/locations/us-central1: The service has encountered an internal error. Please try again later
[debug] [2024-09-03T23:03:39.279Z] Error Context: {
  "body": {
    "error": {
      "code": 500,
      "message": "Failed to generate source upload url for 1st Gen function projects/chess-royale-9cab4/locations/us-central1: The service has encountered an internal error. Please try again later",
      "status": "INTERNAL"
    }
  },
  "response": {
    "statusCode": 500
  }
}
